Using pre-set license
Built from '2022.3/staging' branch; Version is '2022.3.10f1 (ff3792e53c62) revision 16725906'; Using compiler version '192829333'; Build Type 'Release'
OS: 'Windows 11  (10.0.22621) 64bit Core' Language: 'pl' Physical Memory: 16304 MB
BatchMode: 1, IsHumanControllingUs: 0, StartBugReporterOnCrash: 0, Is64bit: 1, IsPro: 1

COMMAND LINE ARGUMENTS:
C:\Program Files\Unity\Hub\Editor\2022.3.10f1\Editor\Unity.exe
-adb2
-batchMode
-noUpm
-name
AssetImportWorker0
-projectPath
F:/.STUDIA/3ROK/VR GOLF/golfVR
-logFile
Logs/AssetImportWorker0.log
-srvPort
50854
Successfully changed project path to: F:/.STUDIA/3ROK/VR GOLF/golfVR
F:/.STUDIA/3ROK/VR GOLF/golfVR
[UnityMemory] Configuration Parameters - Can be set up in boot.config
    "memorysetup-bucket-allocator-granularity=16"
    "memorysetup-bucket-allocator-bucket-count=8"
    "memorysetup-bucket-allocator-block-size=33554432"
    "memorysetup-bucket-allocator-block-count=8"
    "memorysetup-main-allocator-block-size=16777216"
    "memorysetup-thread-allocator-block-size=16777216"
    "memorysetup-gfx-main-allocator-block-size=16777216"
    "memorysetup-gfx-thread-allocator-block-size=16777216"
    "memorysetup-cache-allocator-block-size=4194304"
    "memorysetup-typetree-allocator-block-size=2097152"
    "memorysetup-profiler-bucket-allocator-granularity=16"
    "memorysetup-profiler-bucket-allocator-bucket-count=8"
    "memorysetup-profiler-bucket-allocator-block-size=33554432"
    "memorysetup-profiler-bucket-allocator-block-count=8"
    "memorysetup-profiler-allocator-block-size=16777216"
    "memorysetup-profiler-editor-allocator-block-size=1048576"
    "memorysetup-temp-allocator-size-main=16777216"
    "memorysetup-job-temp-allocator-block-size=2097152"
    "memorysetup-job-temp-allocator-block-size-background=1048576"
    "memorysetup-job-temp-allocator-reduction-small-platforms=262144"
    "memorysetup-allocator-temp-initial-block-size-main=262144"
    "memorysetup-allocator-temp-initial-block-size-worker=262144"
    "memorysetup-temp-allocator-size-background-worker=32768"
    "memorysetup-temp-allocator-size-job-worker=262144"
    "memorysetup-temp-allocator-size-preload-manager=33554432"
    "memorysetup-temp-allocator-size-nav-mesh-worker=65536"
    "memorysetup-temp-allocator-size-audio-worker=65536"
    "memorysetup-temp-allocator-size-cloud-worker=32768"
    "memorysetup-temp-allocator-size-gi-baking-worker=262144"
    "memorysetup-temp-allocator-size-gfx=262144"
Player connection [5348] Host "[IP] 192.168.8.144 [Port] 0 [Flags] 2 [Guid] 2111173328 [EditorId] 2111173328 [Version] 1048832 [Id] WindowsEditor(7,FREEABOB) [Debug] 1 [PackageName] WindowsEditor [ProjectName] Editor" joined multi-casting on [225.0.0.222:54997]...

Player connection [5348] Host "[IP] 192.168.8.144 [Port] 0 [Flags] 2 [Guid] 2111173328 [EditorId] 2111173328 [Version] 1048832 [Id] WindowsEditor(7,FREEABOB) [Debug] 1 [PackageName] WindowsEditor [ProjectName] Editor" joined alternative multi-casting on [225.0.0.222:34997]...

[Physics::Module] Initialized MultithreadedJobDispatcher with 7 workers.
Refreshing native plugins compatible for Editor in 22.98 ms, found 13 plugins.
Preloading 1 native plugins for Editor in 0.66 ms.
Initialize engine version: 2022.3.10f1 (ff3792e53c62)
[Subsystems] Discovering subsystems at path C:/Program Files/Unity/Hub/Editor/2022.3.10f1/Editor/Data/Resources/UnitySubsystems
[Subsystems] Discovering subsystems at path F:/.STUDIA/3ROK/VR GOLF/golfVR/Assets
GfxDevice: creating device client; threaded=0; jobified=0
Direct3D:
    Version:  Direct3D 11.0 [level 11.1]
    Renderer: NVIDIA GeForce GTX 1650 (ID=0x1f91)
    Vendor:   NVIDIA
    VRAM:     3950 MB
    Driver:   31.0.15.4633
Initialize mono
Mono path[0] = 'C:/Program Files/Unity/Hub/Editor/2022.3.10f1/Editor/Data/Managed'
Mono path[1] = 'C:/Program Files/Unity/Hub/Editor/2022.3.10f1/Editor/Data/MonoBleedingEdge/lib/mono/unityjit-win32'
Mono config path = 'C:/Program Files/Unity/Hub/Editor/2022.3.10f1/Editor/Data/MonoBleedingEdge/etc'
Using monoOptions --debugger-agent=transport=dt_socket,embedding=1,server=y,suspend=n,address=127.0.0.1:56140
Begin MonoManager ReloadAssembly
Registering precompiled unity dll's ...
Register platform support module: C:/Program Files/Unity/Hub/Editor/2022.3.10f1/Editor/Data/PlaybackEngines/WindowsStandaloneSupport/UnityEditor.WindowsStandalone.Extensions.dll
Registered in 0.006040 seconds.
- Loaded All Assemblies, in  0.471 seconds
Native extension for WindowsStandalone target not found
Mono: successfully reloaded assembly
- Finished resetting the current domain, in  0.346 seconds
Domain Reload Profiling: 815ms
	BeginReloadAssembly (146ms)
		ExecutionOrderSort (0ms)
		DisableScriptedObjects (0ms)
		BackupInstance (0ms)
		ReleaseScriptingObjects (0ms)
		CreateAndSetChildDomain (1ms)
	RebuildCommonClasses (46ms)
	RebuildNativeTypeToScriptingClass (22ms)
	initialDomainReloadingComplete (70ms)
	LoadAllAssembliesAndSetupDomain (184ms)
		LoadAssemblies (144ms)
		RebuildTransferFunctionScriptingTraits (0ms)
		AnalyzeDomain (182ms)
			TypeCache.Refresh (181ms)
				TypeCache.ScanAssembly (165ms)
			ScanForSourceGeneratedMonoScriptInfo (0ms)
			ResolveRequiredComponents (1ms)
	FinalizeReload (346ms)
		ReleaseScriptCaches (0ms)
		RebuildScriptCaches (0ms)
		SetupLoadedEditorAssemblies (264ms)
			LogAssemblyErrors (0ms)
			InitializePlatformSupportModulesInManaged (11ms)
			SetLoadedEditorAssemblies (10ms)
			RefreshPlugins (0ms)
			BeforeProcessingInitializeOnLoad (3ms)
			ProcessInitializeOnLoadAttributes (179ms)
			ProcessInitializeOnLoadMethodAttributes (61ms)
			AfterProcessingInitializeOnLoad (0ms)
			EditorAssembliesLoaded (0ms)
		ExecutionOrderSort2 (0ms)
		AwakeInstancesAfterBackupRestoration (0ms)
========================================================================
Worker process is ready to serve import requests
Begin MonoManager ReloadAssembly
- Loaded All Assemblies, in  1.064 seconds
Refreshing native plugins compatible for Editor in 15.79 ms, found 13 plugins.
Native extension for WindowsStandalone target not found
Package Manager log level set to [2]
[Package Manager] Server::EnsureServerProcessIsRunning -- launch failed, reason: Unity was launched with the -noUpm command-line argument
[Package Manager] UpmClient::Send -- Unable to send message (not connected to UPM process).
[Package Manager] Cannot connect to Unity Package Manager local server
[Package Manager] Server::EnsureServerProcessIsRunning -- launch failed, reason: Unity was launched with the -noUpm command-line argument
[Package Manager] UpmClient::Send -- Unable to send message (not connected to UPM process).
[Package Manager] Cannot connect to Unity Package Manager local server
System.Reflection.TargetInvocationException: Exception has been thrown by the target of an invocation. ---> System.NullReferenceException: Object reference not set to an instance of an object
  at Unity.XR.Oculus.OculusLoader.AssetPathToAbsolutePath (System.String assetPath) [0x0003d] in .\Library\PackageCache\com.unity.xr.oculus@4.0.0\Runtime\OculusLoader.cs:282 
  at Unity.XR.Oculus.OculusLoader.EditorLoadOVRPlugin () [0x0007b] in .\Library\PackageCache\com.unity.xr.oculus@4.0.0\Runtime\OculusLoader.cs:267 
  at (wrapper managed-to-native) System.Reflection.RuntimeMethodInfo.InternalInvoke(System.Reflection.RuntimeMethodInfo,object,object[],System.Exception&)
  at System.Reflection.RuntimeMethodInfo.Invoke (System.Object obj, System.Reflection.BindingFlags invokeAttr, System.Reflection.Binder binder, System.Object[] parameters, System.Globalization.CultureInfo culture) [0x0006a] in <787acc3c9a4c471ba7d971300105af24>:0 
   --- End of inner exception stack trace ---
  at System.Reflection.RuntimeMethodInfo.Invoke (System.Object obj, System.Reflection.BindingFlags invokeAttr, System.Reflection.Binder binder, System.Object[] parameters, System.Globalization.CultureInfo culture) [0x00083] in <787acc3c9a4c471ba7d971300105af24>:0 
  at System.Reflection.MethodBase.Invoke (System.Object obj, System.Object[] parameters) [0x00000] in <787acc3c9a4c471ba7d971300105af24>:0 
  at UnityEditor.EditorAssemblies.ProcessInitializeOnLoadMethodAttributes () [0x000a5] in <fe7039efe678478d9c83e73bc6a6566d>:0 
UnityEngine.StackTraceUtility:ExtractStackTrace ()
UnityEngine.DebugLogHandler:LogFormat (UnityEngine.LogType,UnityEngine.Object,string,object[])
UnityEngine.Logger:Log (UnityEngine.LogType,object)
UnityEngine.Debug:LogError (object)
UnityEditor.EditorAssemblies:ProcessInitializeOnLoadMethodAttributes ()

Mono: successfully reloaded assembly
[Package Manager] Server::EnsureServerProcessIsRunning -- launch failed, reason: Unity was launched with the -noUpm command-line argument
[Package Manager] UpmClient::Send -- Unable to send message (not connected to UPM process).
[Package Manager] Cannot connect to Unity Package Manager local server
[Package Manager] Server::EnsureServerProcessIsRunning -- launch failed, reason: Unity was launched with the -noUpm command-line argument
[Package Manager] UpmClient::Send -- Unable to send message (not connected to UPM process).
[Package Manager] Cannot connect to Unity Package Manager local server
- Finished resetting the current domain, in  1.375 seconds
Domain Reload Profiling: 2435ms
	BeginReloadAssembly (195ms)
		ExecutionOrderSort (0ms)
		DisableScriptedObjects (9ms)
		BackupInstance (0ms)
		ReleaseScriptingObjects (0ms)
		CreateAndSetChildDomain (28ms)
	RebuildCommonClasses (51ms)
	RebuildNativeTypeToScriptingClass (15ms)
	initialDomainReloadingComplete (54ms)
	LoadAllAssembliesAndSetupDomain (745ms)
		LoadAssemblies (434ms)
		RebuildTransferFunctionScriptingTraits (0ms)
		AnalyzeDomain (419ms)
			TypeCache.Refresh (345ms)
				TypeCache.ScanAssembly (317ms)
			ScanForSourceGeneratedMonoScriptInfo (49ms)
			ResolveRequiredComponents (22ms)
	FinalizeReload (1375ms)
		ReleaseScriptCaches (0ms)
		RebuildScriptCaches (0ms)
		SetupLoadedEditorAssemblies (1019ms)
			LogAssemblyErrors (0ms)
			InitializePlatformSupportModulesInManaged (25ms)
			SetLoadedEditorAssemblies (13ms)
			RefreshPlugins (0ms)
			BeforeProcessingInitializeOnLoad (154ms)
			ProcessInitializeOnLoadAttributes (589ms)
			ProcessInitializeOnLoadMethodAttributes (223ms)
			AfterProcessingInitializeOnLoad (14ms)
			EditorAssembliesLoaded (0ms)
		ExecutionOrderSort2 (0ms)
		AwakeInstancesAfterBackupRestoration (10ms)
Launched and connected shader compiler UnityShaderCompiler.exe after 0.08 seconds
Refreshing native plugins compatible for Editor in 26.33 ms, found 13 plugins.
Preloading 1 native plugins for Editor in 0.12 ms.
Unloading 6392 Unused Serialized files (Serialized files now loaded: 0)
Unloading 107 unused Assets / (366.7 KB). Loaded Objects now: 6877.
Memory consumption went from 232.6 MB to 232.3 MB.
Total: 8.482200 ms (FindLiveObjects: 0.827400 ms CreateObjectMapping: 1.231500 ms MarkObjects: 6.013600 ms  DeleteObjects: 0.407600 ms)

AssetImportParameters requested are different than current active one (requested -> active):
  custom:container-demuxer-ogg: 62fdf1f143b41e24485cea50d1cbac27 -> 
  custom:video-codec-MediaFoundation-h265: 746d11721c4dcdbdad8f713fa42b33f4 -> 
  custom:video-decoder-ogg-theora: a1e56fd34408186e4bbccfd4996cb3dc -> 
  custom:framework-win-MediaFoundation: 216162199b28c13a410421893ffa2e32 -> 
  custom:container-demuxer-webm: 4f35f7cbe854078d1ac9338744f61a02 -> 
  custom:container-muxer-webm: aa71ff27fc2769a1b78a27578f13a17b -> 
  custom:video-decoder-webm-vp8: 9c59270c3fd7afecdb556c50c9e8de78 -> 
  custom:SearchIndexIgnoredProperties: e643bd26f0fe6173181afceb89e7c659 -> 
  custom:AudioImporter_EditorPlatform: d09bf68614088b80899f8185d706f6e7 -> 
  custom:video-encoder-webm-vp8: eb34c28f22e8b96e1ab97ce403110664 -> 
  custom:audio-decoder-ogg-vorbis: bf7c407c2cedff20999df2af8eb42d56 -> 
  custom:audio-encoder-webm-vorbis: bf7c407c2cedff20999df2af8eb42d56 -> 
========================================================================
Received Import Request.
  Time since last request: 130195.313907 seconds.
  path: Assets/Scenes/aGradientTXT.mat
  artifactKey: Guid(a0c24eafba5d74a49b9f5ec4b42a6434) Importer(815301076,1909f56bfc062723c751e8b465ee728b)
Start importing Assets/Scenes/aGradientTXT.mat using Guid(a0c24eafba5d74a49b9f5ec4b42a6434) Importer(815301076,1909f56bfc062723c751e8b465ee728b)  -> (artifact id: 'cb268e55f3963b97dfebf085104aa5e3') in 0.394300 seconds
Number of updated asset objects reloaded before import = 0
Number of asset objects unloaded after import = 3
========================================================================
Received Import Request.
  Time since last request: 0.000043 seconds.
  path: Assets/Scenes/kristalMeta.fbx
  artifactKey: Guid(2d1a59fd361a2d244aff8f30392d527f) Importer(815301076,1909f56bfc062723c751e8b465ee728b)
Start importing Assets/Scenes/kristalMeta.fbx using Guid(2d1a59fd361a2d244aff8f30392d527f) Importer(815301076,1909f56bfc062723c751e8b465ee728b)  -> (artifact id: '9d73126fdc5a48da72981d218c4bb0d2') in 0.068791 seconds
Number of updated asset objects reloaded before import = 0
Number of asset objects unloaded after import = 12
========================================================================
Received Import Request.
  Time since last request: 2.117813 seconds.
  path: Assets/Scenes/BasicScene.unity
  artifactKey: Guid(4e9fef26e6adb88479ad1b9834a32d94) Importer(815301076,1909f56bfc062723c751e8b465ee728b)
Start importing Assets/Scenes/BasicScene.unity using Guid(4e9fef26e6adb88479ad1b9834a32d94) Importer(815301076,1909f56bfc062723c751e8b465ee728b)  -> (artifact id: '7fa160bf6b500494e0943b9ef308d49d') in 0.000682 seconds
Number of updated asset objects reloaded before import = 0
Number of asset objects unloaded after import = 0
========================================================================
Received Import Request.
  Time since last request: 2.747451 seconds.
  path: Assets/Scenes/BasicScene
  artifactKey: Guid(99a74e827d78c674597fc0d9af458b28) Importer(815301076,1909f56bfc062723c751e8b465ee728b)
Start importing Assets/Scenes/BasicScene using Guid(99a74e827d78c674597fc0d9af458b28) Importer(815301076,1909f56bfc062723c751e8b465ee728b)  -> (artifact id: '63324ac1547eba7659f4713410871fc9') in 0.000627 seconds
Number of updated asset objects reloaded before import = 0
Number of asset objects unloaded after import = 0
========================================================================
Received Import Request.
  Time since last request: 0.052751 seconds.
  path: Assets/Scenes/BasicScene/Grid.mat
  artifactKey: Guid(40d5f39ae0668b14f9d71f56c2981be7) Importer(815301076,1909f56bfc062723c751e8b465ee728b)
Start importing Assets/Scenes/BasicScene/Grid.mat using Guid(40d5f39ae0668b14f9d71f56c2981be7) Importer(815301076,1909f56bfc062723c751e8b465ee728b)  -> (artifact id: '1d8b81321444c9d2124ab5850342a0d6') in 0.018252 seconds
Number of updated asset objects reloaded before import = 0
Number of asset objects unloaded after import = 3
========================================================================
Received Prepare
Refreshing native plugins compatible for Editor in 12.34 ms, found 13 plugins.
Preloading 1 native plugins for Editor in 0.05 ms.
Unloading 2 Unused Serialized files (Serialized files now loaded: 0)
Unloading 2 unused Assets / (290.7 KB). Loaded Objects now: 7007.
Memory consumption went from 111.4 MB to 111.1 MB.
Total: 6.085100 ms (FindLiveObjects: 0.582400 ms CreateObjectMapping: 0.540900 ms MarkObjects: 4.821100 ms  DeleteObjects: 0.139400 ms)

Prepare: number of updated asset objects reloaded= 0
AssetImportParameters requested are different than current active one (requested -> active):
  custom:container-demuxer-ogg: 62fdf1f143b41e24485cea50d1cbac27 -> 
  custom:video-codec-MediaFoundation-h265: 746d11721c4dcdbdad8f713fa42b33f4 -> 
  custom:video-decoder-ogg-theora: a1e56fd34408186e4bbccfd4996cb3dc -> 
  custom:framework-win-MediaFoundation: 216162199b28c13a410421893ffa2e32 -> 
  custom:CustomObjectIndexerAttribute: a3ef5dd2817f97addfee359851a9dba5 -> 
  custom:container-demuxer-webm: 4f35f7cbe854078d1ac9338744f61a02 -> 
  custom:container-muxer-webm: aa71ff27fc2769a1b78a27578f13a17b -> 
  custom:video-decoder-webm-vp8: 9c59270c3fd7afecdb556c50c9e8de78 -> 
  custom:SearchIndexIgnoredProperties: e643bd26f0fe6173181afceb89e7c659 -> 
  custom:AudioImporter_EditorPlatform: d09bf68614088b80899f8185d706f6e7 -> 
  custom:video-encoder-webm-vp8: eb34c28f22e8b96e1ab97ce403110664 -> 
  custom:audio-decoder-ogg-vorbis: bf7c407c2cedff20999df2af8eb42d56 -> 
  custom:audio-encoder-webm-vorbis: bf7c407c2cedff20999df2af8eb42d56 -> 
========================================================================
Received Import Request.
  Time since last request: 38.576322 seconds.
  path: Assets/3D stuff/Mapki/JASKINIA_poziom2.2.fbx
  artifactKey: Guid(adb2238c5d904314297b3f3aa6f3fe16) Importer(815301076,1909f56bfc062723c751e8b465ee728b)
Start importing Assets/3D stuff/Mapki/JASKINIA_poziom2.2.fbx using Guid(adb2238c5d904314297b3f3aa6f3fe16) Importer(815301076,1909f56bfc062723c751e8b465ee728b)  -> (artifact id: '5f33b5bae3fb0c4ba08c504b51aced50') in 0.330670 seconds
Number of updated asset objects reloaded before import = 0
Number of asset objects unloaded after import = 129
========================================================================
Received Import Request.
  Time since last request: 136.753761 seconds.
  path: Assets/3D stuff/Mapki/Modele
  artifactKey: Guid(c0525aef14a93f742bc320e707f6329a) Importer(815301076,1909f56bfc062723c751e8b465ee728b)
Start importing Assets/3D stuff/Mapki/Modele using Guid(c0525aef14a93f742bc320e707f6329a) Importer(815301076,1909f56bfc062723c751e8b465ee728b)  -> (artifact id: '5139ae0a3529ed6ebd9e3e93d7b2e098') in 0.000857 seconds
Number of updated asset objects reloaded before import = 0
Number of asset objects unloaded after import = 0
========================================================================
Received Import Request.
  Time since last request: 6.339610 seconds.
  path: Assets/3D stuff/Mapki/Prefaby
  artifactKey: Guid(a5990fa506020d54dab4abe82b1660a0) Importer(815301076,1909f56bfc062723c751e8b465ee728b)
Start importing Assets/3D stuff/Mapki/Prefaby using Guid(a5990fa506020d54dab4abe82b1660a0) Importer(815301076,1909f56bfc062723c751e8b465ee728b)  -> (artifact id: 'bbade8ea7582e8f033efa670dffe24b7') in 0.000650 seconds
Number of updated asset objects reloaded before import = 0
Number of asset objects unloaded after import = 0
========================================================================
Received Import Request.
  Time since last request: 74.061484 seconds.
  path: Assets/3D stuff/Prefabs/Krystal meta.prefab
  artifactKey: Guid(a2174e57760b78045bc085ea95add818) Importer(815301076,1909f56bfc062723c751e8b465ee728b)
Start importing Assets/3D stuff/Prefabs/Krystal meta.prefab using Guid(a2174e57760b78045bc085ea95add818) Importer(815301076,1909f56bfc062723c751e8b465ee728b)  -> (artifact id: '9dd89134ef297ae54e45bfd5c86e2b27') in 0.017718 seconds
Number of updated asset objects reloaded before import = 0
Number of asset objects unloaded after import = 31
========================================================================
Received Import Request.
  Time since last request: 1001.018609 seconds.
  path: Assets/TextMesh Pro
  artifactKey: Guid(f54d1bd14bd3ca042bd867b519fee8cc) Importer(815301076,1909f56bfc062723c751e8b465ee728b)
Start importing Assets/TextMesh Pro using Guid(f54d1bd14bd3ca042bd867b519fee8cc) Importer(815301076,1909f56bfc062723c751e8b465ee728b)  -> (artifact id: '539788fea73926d38e17274c55d5d4cc') in 0.000833 seconds
Number of updated asset objects reloaded before import = 0
Number of asset objects unloaded after import = 0
========================================================================
Received Import Request.
  Time since last request: 0.537376 seconds.
  path: Assets/VRTemplateAssets
  artifactKey: Guid(83b7bbecd9fac4db9824039903a1eea8) Importer(815301076,1909f56bfc062723c751e8b465ee728b)
Start importing Assets/VRTemplateAssets using Guid(83b7bbecd9fac4db9824039903a1eea8) Importer(815301076,1909f56bfc062723c751e8b465ee728b)  -> (artifact id: '9853cddbed0a4ef166a27e99c1288f8d') in 0.000472 seconds
Number of updated asset objects reloaded before import = 0
Number of asset objects unloaded after import = 0
========================================================================
Received Import Request.
  Time since last request: 0.577682 seconds.
  path: Assets/XR
  artifactKey: Guid(22baeac49dfd54025859cd02808b06f8) Importer(815301076,1909f56bfc062723c751e8b465ee728b)
Start importing Assets/XR using Guid(22baeac49dfd54025859cd02808b06f8) Importer(815301076,1909f56bfc062723c751e8b465ee728b)  -> (artifact id: '4ad03efc285a5610645396c3e73da0e6') in 0.000480 seconds
Number of updated asset objects reloaded before import = 0
Number of asset objects unloaded after import = 0
========================================================================
Received Import Request.
  Time since last request: 0.345617 seconds.
  path: Assets/XRI
  artifactKey: Guid(125427525ff210c4a827128d61a44674) Importer(815301076,1909f56bfc062723c751e8b465ee728b)
Start importing Assets/XRI using Guid(125427525ff210c4a827128d61a44674) Importer(815301076,1909f56bfc062723c751e8b465ee728b)  -> (artifact id: 'e99db23d4208c00b6f6edb84e908d07e') in 0.000594 seconds
Number of updated asset objects reloaded before import = 0
Number of asset objects unloaded after import = 0
========================================================================
Received Import Request.
  Time since last request: 16.000801 seconds.
  path: Assets/3D stuff/Models/1Poziom.prefab
  artifactKey: Guid(f3955b907c77ec04fa80dfa6ab233c59) Importer(815301076,1909f56bfc062723c751e8b465ee728b)
Start importing Assets/3D stuff/Models/1Poziom.prefab using Guid(f3955b907c77ec04fa80dfa6ab233c59) Importer(815301076,1909f56bfc062723c751e8b465ee728b)  -> (artifact id: '163239430cc4b6f9b229252ab45da2fe') in 0.064760 seconds
Number of updated asset objects reloaded before import = 0
Number of asset objects unloaded after import = 1115
========================================================================
Received Import Request.
  Time since last request: 0.745902 seconds.
  path: Assets/3D stuff/Models/Props/Bones.fbx
  artifactKey: Guid(c9f209b1e33c6404b895448be3a773d7) Importer(815301076,1909f56bfc062723c751e8b465ee728b)
Start importing Assets/3D stuff/Models/Props/Bones.fbx using Guid(c9f209b1e33c6404b895448be3a773d7) Importer(815301076,1909f56bfc062723c751e8b465ee728b)  -> (artifact id: '5bc4f270caf3e101b7abe133844f7e0f') in 0.086057 seconds
Number of updated asset objects reloaded before import = 0
Number of asset objects unloaded after import = 34
========================================================================
Received Import Request.
  Time since last request: 1.577475 seconds.
  path: Assets/3D stuff/Models/Props/Nature/aGradientTXT_EMISSIOn 1.mat
  artifactKey: Guid(d64ff6f718a13984eb418db11adbb563) Importer(815301076,1909f56bfc062723c751e8b465ee728b)
Start importing Assets/3D stuff/Models/Props/Nature/aGradientTXT_EMISSIOn 1.mat using Guid(d64ff6f718a13984eb418db11adbb563) Importer(815301076,1909f56bfc062723c751e8b465ee728b)  -> (artifact id: 'bf667d16fb73753ed75cbd93bc4da172') in 0.028483 seconds
Number of updated asset objects reloaded before import = 0
Number of asset objects unloaded after import = 3
========================================================================
Received Import Request.
  Time since last request: 8.745026 seconds.
  path: Assets/3D stuff/Models/Props/Nature/kamien w huj.fbx
  artifactKey: Guid(9bb70f5062d6ea64fad785ea0775a7ec) Importer(815301076,1909f56bfc062723c751e8b465ee728b)
Start importing Assets/3D stuff/Models/Props/Nature/kamien w huj.fbx using Guid(9bb70f5062d6ea64fad785ea0775a7ec) Importer(815301076,1909f56bfc062723c751e8b465ee728b)  -> (artifact id: 'df16f78cb558b4b166a0914d224528fd') in 0.022417 seconds
Number of updated asset objects reloaded before import = 0
Number of asset objects unloaded after import = 12
========================================================================
Received Import Request.
  Time since last request: 0.199321 seconds.
  path: Assets/3D stuff/Models/Props/Nature/kamien w huj.fbx
  artifactKey: Guid(9bb70f5062d6ea64fad785ea0775a7ec) Importer(815301076,1909f56bfc062723c751e8b465ee728b)
Start importing Assets/3D stuff/Models/Props/Nature/kamien w huj.fbx using Guid(9bb70f5062d6ea64fad785ea0775a7ec) Importer(815301076,1909f56bfc062723c751e8b465ee728b)  -> (artifact id: '12b3aba25ed98525f18777f49d09de63') in 0.045959 seconds
Number of updated asset objects reloaded before import = 50
Number of asset objects unloaded after import = 12
========================================================================
Received Import Request.
  Time since last request: 1434.413937 seconds.
  path: Assets/3D stuff/Models/1Poziom.prefab
  artifactKey: Guid(f3955b907c77ec04fa80dfa6ab233c59) Importer(815301076,1909f56bfc062723c751e8b465ee728b)
Start importing Assets/3D stuff/Models/1Poziom.prefab using Guid(f3955b907c77ec04fa80dfa6ab233c59) Importer(815301076,1909f56bfc062723c751e8b465ee728b)  -> (artifact id: '5100fb7f06b94d96a368067af85311f6') in 0.070213 seconds
Number of updated asset objects reloaded before import = 0
Number of asset objects unloaded after import = 1115
========================================================================
Received Import Request.
  Time since last request: 6.698491 seconds.
  path: Assets/3D stuff/Prefabs/flora/Krzew1.prefab
  artifactKey: Guid(d519dd2ea82efd34291562cffe88fbe1) Importer(815301076,1909f56bfc062723c751e8b465ee728b)
Start importing Assets/3D stuff/Prefabs/flora/Krzew1.prefab using Guid(d519dd2ea82efd34291562cffe88fbe1) Importer(815301076,1909f56bfc062723c751e8b465ee728b)  -> (artifact id: '4b4fb19933cfa316bcd948bbcec7d0c3') in 0.043398 seconds
Number of updated asset objects reloaded before import = 0
Number of asset objects unloaded after import = 29
========================================================================
Received Import Request.
  Time since last request: 0.000023 seconds.
  path: Assets/3D stuff/Prefabs/flora/stalaktyt4.prefab
  artifactKey: Guid(dc494d0b71fba11479a24450cabdf0f4) Importer(815301076,1909f56bfc062723c751e8b465ee728b)
Start importing Assets/3D stuff/Prefabs/flora/stalaktyt4.prefab using Guid(dc494d0b71fba11479a24450cabdf0f4) Importer(815301076,1909f56bfc062723c751e8b465ee728b)  -> (artifact id: '8bc6d654540232e7a569ce308d886a91') in 0.028219 seconds
Number of updated asset objects reloaded before import = 0
Number of asset objects unloaded after import = 36
========================================================================
Received Import Request.
  Time since last request: 0.000036 seconds.
  path: Assets/3D stuff/Prefabs/flora/Roslinka_L.prefab
  artifactKey: Guid(9043bd11cba4e8e4194c7aabd5e87156) Importer(815301076,1909f56bfc062723c751e8b465ee728b)
Start importing Assets/3D stuff/Prefabs/flora/Roslinka_L.prefab using Guid(9043bd11cba4e8e4194c7aabd5e87156) Importer(815301076,1909f56bfc062723c751e8b465ee728b)  -> (artifact id: '1b7e685f61488859e14e947079e86ecf') in 0.019367 seconds
Number of updated asset objects reloaded before import = 0
Number of asset objects unloaded after import = 27
========================================================================
Received Import Request.
  Time since last request: 0.000043 seconds.
  path: Assets/3D stuff/Prefabs/flora/Roslinka__S.prefab
  artifactKey: Guid(d975753cdb4e7fd48a0584f66bd8b586) Importer(815301076,1909f56bfc062723c751e8b465ee728b)
Start importing Assets/3D stuff/Prefabs/flora/Roslinka__S.prefab using Guid(d975753cdb4e7fd48a0584f66bd8b586) Importer(815301076,1909f56bfc062723c751e8b465ee728b)  -> (artifact id: '419e8770982fc1e96f892ab53e376d7f') in 0.018860 seconds
Number of updated asset objects reloaded before import = 0
Number of asset objects unloaded after import = 27
========================================================================
Received Import Request.
  Time since last request: 0.000023 seconds.
  path: Assets/3D stuff/Prefabs/flora/stalaktyt2.prefab
  artifactKey: Guid(4b5b36bf0bbf0ad4a96761238702d3cd) Importer(815301076,1909f56bfc062723c751e8b465ee728b)
Start importing Assets/3D stuff/Prefabs/flora/stalaktyt2.prefab using Guid(4b5b36bf0bbf0ad4a96761238702d3cd) Importer(815301076,1909f56bfc062723c751e8b465ee728b)  -> (artifact id: '2c2e53e25473a4a2c36ca14b5f1c174e') in 0.017868 seconds
Number of updated asset objects reloaded before import = 0
Number of asset objects unloaded after import = 36
Editor requested this worker to shutdown with reason: Scaling down because of idle timeout
TcpMessagingSession - receive error: operation aborted. errorcode: 995, details: Operacja We/Wy zosta³a przerwana z powodu zakoñczenia w¹tku lub ¿¹dania aplikacji.
AssetImportWorker is now disconnected from the server
Process exiting
Exiting without the bug reporter. Application will terminate with return code 0